0 info it worked if it ends with ok
1 verbose cli [ '/usr/local/bin/node',
1 verbose cli   '/usr/local/bin/npm',
1 verbose cli   'install',
1 verbose cli   '-g',
1 verbose cli   'grunt-cli' ]
2 info using npm@2.14.20
3 info using node@v4.4.1
4 verbose install initial load of /usr/local/lib/package.json
5 verbose readDependencies loading dependencies from /usr/local/lib/package.json
6 silly cache add args [ 'grunt-cli', null ]
7 verbose cache add spec grunt-cli
8 silly cache add parsed spec Result {
8 silly cache add   raw: 'grunt-cli',
8 silly cache add   scope: null,
8 silly cache add   name: 'grunt-cli',
8 silly cache add   rawSpec: '',
8 silly cache add   spec: 'latest',
8 silly cache add   type: 'tag' }
9 silly addNamed grunt-cli@latest
10 verbose addNamed "latest" is being treated as a dist-tag for grunt-cli
11 info addNameTag [ 'grunt-cli', 'latest' ]
12 silly mapToRegistry name grunt-cli
13 silly mapToRegistry using default registry
14 silly mapToRegistry registry https://registry.npmjs.org/
15 silly mapToRegistry uri https://registry.npmjs.org/grunt-cli
16 verbose addNameTag registry:https://registry.npmjs.org/grunt-cli not in flight; fetching
17 verbose request uri https://registry.npmjs.org/grunt-cli
18 verbose request no auth needed
19 info attempt registry request try #1 at 12:38:15 PM
20 verbose request id 425fc4f8dd8210a4
21 verbose etag "A952MHD0BJNDLZJERQW04Z5EO"
22 http request GET https://registry.npmjs.org/grunt-cli
23 http 304 https://registry.npmjs.org/grunt-cli
24 verbose headers { date: 'Thu, 31 Mar 2016 16:38:15 GMT',
24 verbose headers   via: '1.1 varnish',
24 verbose headers   'cache-control': 'max-age=300',
24 verbose headers   etag: '"A952MHD0BJNDLZJERQW04Z5EO"',
24 verbose headers   age: '239',
24 verbose headers   connection: 'keep-alive',
24 verbose headers   'x-served-by': 'cache-iad2146-IAD',
24 verbose headers   'x-cache': 'HIT',
24 verbose headers   'x-cache-hits': '4',
24 verbose headers   'x-timer': 'S1459442295.754643,VS0,VE0',
24 verbose headers   vary: 'Accept' }
25 silly get cb [ 304,
25 silly get   { date: 'Thu, 31 Mar 2016 16:38:15 GMT',
25 silly get     via: '1.1 varnish',
25 silly get     'cache-control': 'max-age=300',
25 silly get     etag: '"A952MHD0BJNDLZJERQW04Z5EO"',
25 silly get     age: '239',
25 silly get     connection: 'keep-alive',
25 silly get     'x-served-by': 'cache-iad2146-IAD',
25 silly get     'x-cache': 'HIT',
25 silly get     'x-cache-hits': '4',
25 silly get     'x-timer': 'S1459442295.754643,VS0,VE0',
25 silly get     vary: 'Accept' } ]
26 verbose etag https://registry.npmjs.org/grunt-cli from cache
27 verbose get saving grunt-cli to /Users/amurphy/.npm/registry.npmjs.org/grunt-cli/.cache.json
28 verbose correctMkdir /Users/amurphy/.npm correctMkdir not in flight; initializing
29 silly addNameTag next cb for grunt-cli with tag latest
30 silly addNamed grunt-cli@1.1.0
31 verbose addNamed "1.1.0" is a plain semver version for grunt-cli
32 silly cache afterAdd grunt-cli@1.1.0
33 verbose afterAdd /Users/amurphy/.npm/grunt-cli/1.1.0/package/package.json not in flight; writing
34 verbose correctMkdir /Users/amurphy/.npm correctMkdir not in flight; initializing
35 verbose afterAdd /Users/amurphy/.npm/grunt-cli/1.1.0/package/package.json written
36 silly install resolved [ { name: 'grunt-cli',
36 silly install resolved     description: 'The grunt command line interface',
36 silly install resolved     version: '1.1.0',
36 silly install resolved     author:
36 silly install resolved      { name: 'Grunt Development Team',
36 silly install resolved        url: 'http://gruntjs.com/development-team' },
36 silly install resolved     repository:
36 silly install resolved      { type: 'git',
36 silly install resolved        url: 'git+https://github.com/gruntjs/grunt-cli.git' },
36 silly install resolved     license: 'MIT',
36 silly install resolved     engines: { node: '>=0.10.0' },
36 silly install resolved     scripts: { test: 'node bin/grunt test' },
36 silly install resolved     bin: { grunt: 'bin/grunt' },
36 silly install resolved     dependencies: { 'findup-sync': '~0.3.0', nopt: '~3.0.6', resolve: '~1.1.0' },
36 silly install resolved     devDependencies: { grunt: '~0.4.5', 'grunt-contrib-jshint': '~1.0.0' },
36 silly install resolved     files: [ 'bin', 'completion', 'lib' ],
36 silly install resolved     appveyor_id: 'prp6g944b05jsq6d',
36 silly install resolved     contributors: [ [Object], [Object], [Object], [Object] ],
36 silly install resolved     gitHead: '76342ccba5d426ebaa6b0a8d6796c1cb7a0406f1',
36 silly install resolved     bugs: { url: 'https://github.com/gruntjs/grunt-cli/issues' },
36 silly install resolved     homepage: 'https://github.com/gruntjs/grunt-cli#readme',
36 silly install resolved     _id: 'grunt-cli@1.1.0',
36 silly install resolved     _shasum: 'afd7969934ddf33620e8447edc1fa94e51e55a34',
36 silly install resolved     _from: 'grunt-cli@latest',
36 silly install resolved     _npmVersion: '2.14.17',
36 silly install resolved     _nodeVersion: '4.2.3',
36 silly install resolved     _npmUser: { name: 'vladikoff', email: 'vlad@vladikoff.com' },
36 silly install resolved     maintainers: [ [Object], [Object], [Object], [Object] ],
36 silly install resolved     dist:
36 silly install resolved      { shasum: 'afd7969934ddf33620e8447edc1fa94e51e55a34',
36 silly install resolved        tarball: 'http://registry.npmjs.org/grunt-cli/-/grunt-cli-1.1.0.tgz' },
36 silly install resolved     _npmOperationalInternal:
36 silly install resolved      { host: 'packages-13-west.internal.npmjs.com',
36 silly install resolved        tmp: 'tmp/grunt-cli-1.1.0.tgz_1458702513118_0.44024289515800774' },
36 silly install resolved     directories: {},
36 silly install resolved     _resolved: 'https://registry.npmjs.org/grunt-cli/-/grunt-cli-1.1.0.tgz',
36 silly install resolved     readme: 'ERROR: No README data found!' } ]
37 info install grunt-cli@1.1.0 into /usr/local/lib
38 info installOne grunt-cli@1.1.0
39 verbose installOne of grunt-cli to /usr/local/lib not in flight; installing
40 verbose correctMkdir /Users/amurphy/.npm/_locks correctMkdir not in flight; initializing
41 verbose lock using /Users/amurphy/.npm/_locks/grunt-cli-58f484dab06f0a30.lock for /usr/local/lib/node_modules/grunt-cli
42 silly install write writing grunt-cli 1.1.0 to /usr/local/lib/node_modules/grunt-cli
43 verbose unbuild lib/node_modules/grunt-cli
44 silly gentlyRm /usr/local/lib/node_modules/grunt-cli is being purged from base /usr/local
45 verbose gentlyRm don't care about contents; nuking /usr/local/lib/node_modules/grunt-cli
46 verbose tar unpack /Users/amurphy/.npm/grunt-cli/1.1.0/package.tgz
47 verbose tar unpacking to /usr/local/lib/node_modules/grunt-cli
48 silly gentlyRm /usr/local/lib/node_modules/grunt-cli is being purged
49 verbose gentlyRm don't care about contents; nuking /usr/local/lib/node_modules/grunt-cli
50 silly gunzTarPerm modes [ '755', '644' ]
51 error tar.unpack untar error /Users/amurphy/.npm/grunt-cli/1.1.0/package.tgz
52 verbose unlock done using /Users/amurphy/.npm/_locks/grunt-cli-58f484dab06f0a30.lock for /usr/local/lib/node_modules/grunt-cli
53 verbose fstream_path /usr/local/lib/node_modules/grunt-cli
54 verbose fstream_type Directory
55 verbose fstream_class DirWriter
56 verbose stack Error: EACCES: permission denied, mkdir '/usr/local/lib/node_modules/grunt-cli'
56 verbose stack     at Error (native)
57 verbose fstream_stack /usr/local/lib/node_modules/npm/node_modules/fstream/lib/dir-writer.js:35:25
57 verbose fstream_stack /usr/local/lib/node_modules/npm/node_modules/mkdirp/index.js:47:53
57 verbose fstream_stack FSReqWrap.oncomplete (fs.js:82:15)
58 verbose cwd /Users/amurphy/BCSR
59 error Darwin 15.3.0
60 error argv "/usr/local/bin/node" "/usr/local/bin/npm" "install" "-g" "grunt-cli"
61 error node v4.4.1
62 error npm  v2.14.20
63 error path /usr/local/lib/node_modules/grunt-cli
64 error code EACCES
65 error errno -13
66 error syscall mkdir
67 error Error: EACCES: permission denied, mkdir '/usr/local/lib/node_modules/grunt-cli'
67 error     at Error (native)
67 error  { [Error: EACCES: permission denied, mkdir '/usr/local/lib/node_modules/grunt-cli']
67 error   errno: -13,
67 error   code: 'EACCES',
67 error   syscall: 'mkdir',
67 error   path: '/usr/local/lib/node_modules/grunt-cli',
67 error   fstream_type: 'Directory',
67 error   fstream_path: '/usr/local/lib/node_modules/grunt-cli',
67 error   fstream_class: 'DirWriter',
67 error   fstream_stack:
67 error    [ '/usr/local/lib/node_modules/npm/node_modules/fstream/lib/dir-writer.js:35:25',
67 error      '/usr/local/lib/node_modules/npm/node_modules/mkdirp/index.js:47:53',
67 error      'FSReqWrap.oncomplete (fs.js:82:15)' ] }
68 error Please try running this command again as root/Administrator.
69 verbose exit [ -13, true ]
70 verbose unbuild lib/node_modules/grunt-cli
71 silly gentlyRm /usr/local/lib/node_modules/grunt-cli is being purged from base /usr/local
72 verbose gentlyRm don't care about contents; nuking /usr/local/lib/node_modules/grunt-cli
